app/build/intermediates/manifest_merge_blame_file/release/processReleaseMainManifest/manifest-merger-blame-release-report.txt
1<?xml version="1.0" encoding="utf-8"?>
2<manifest xmlns:android="http://schemas.android.com/apk/res/android"
3    package="com.eduappml"
4    android:versionCode="1"
5    android:versionName="1.0" >
6
7    <uses-sdk
7-->src\main\AndroidManifest.xml:7:5-9:41
8        android:minSdkVersion="24"
8-->src\main\AndroidManifest.xml:8:9-35
9        android:targetSdkVersion="35" />
9-->src\main\AndroidManifest.xml:9:9-38
10
11    <!-- Разрешение на доступ к интернету (нужно для загрузки KaTeX с CDN) -->
12    <uses-permission android:name="android.permission.INTERNET" />
12-->src\main\AndroidManifest.xml:12:5-67
12-->src\main\AndroidManifest.xml:12:22-64
13
14    <permission
14-->src\main\AndroidManifest.xml:14:5-16:47
15        android:name="com.eduappml.DYNAMIC_RECEIVER_NOT_EXPORTED_PERMISSION"
15-->src\main\AndroidManifest.xml:15:9-77
16        android:protectionLevel="signature" />
16-->src\main\AndroidManifest.xml:16:9-44
17
18    <uses-permission android:name="com.eduappml.DYNAMIC_RECEIVER_NOT_EXPORTED_PERMISSION" />
18-->src\main\AndroidManifest.xml:18:5-93
18-->src\main\AndroidManifest.xml:18:22-90
19
20    <application
20-->src\main\AndroidManifest.xml:20:5-86:19
21        android:allowBackup="true"
21-->src\main\AndroidManifest.xml:21:9-35
22        android:appComponentFactory="androidx.core.app.CoreComponentFactory"
22-->src\main\AndroidManifest.xml:22:9-77
23        android:extractNativeLibs="false"
23-->src\main\AndroidManifest.xml:24:9-42
24        android:icon="@mipmap/ic_launcher"
24-->src\main\AndroidManifest.xml:25:9-43
25        android:label="@string/app_name"
25-->src\main\AndroidManifest.xml:26:9-41
26        android:roundIcon="@mipmap/ic_launcher_round"
26-->src\main\AndroidManifest.xml:27:9-54
27        android:supportsRtl="true"
27-->src\main\AndroidManifest.xml:28:9-35
28        android:testOnly="true"
29        android:theme="@style/Theme.EduAppML"
29-->src\main\AndroidManifest.xml:30:9-46
30        android:usesCleartextTraffic="true" >
30-->src\main\AndroidManifest.xml:31:9-44
31        <activity
31-->src\main\AndroidManifest.xml:32:9-43:20
32            android:name="com.eduappml.MainActivity"
32-->src\main\AndroidManifest.xml:33:13-53
33            android:configChanges="uiMode|screenLayout|screenSize|orientation"
33-->src\main\AndroidManifest.xml:34:13-79
34            android:exported="true"
34-->src\main\AndroidManifest.xml:35:13-36
35            android:theme="@style/Theme.EduAppML.Splash"
35-->src\main\AndroidManifest.xml:36:13-57
36            android:windowSoftInputMode="adjustResize" >
36-->src\main\AndroidManifest.xml:37:13-55
37            <intent-filter>
37-->src\main\AndroidManifest.xml:38:13-42:29
38                <action android:name="android.intent.action.MAIN" />
38-->src\main\AndroidManifest.xml:39:17-69
38-->src\main\AndroidManifest.xml:39:25-66
39
40                <category android:name="android.intent.category.LAUNCHER" />
40-->src\main\AndroidManifest.xml:41:17-77
40-->src\main\AndroidManifest.xml:41:27-74
41            </intent-filter>
42        </activity>
43        <activity
43-->src\main\AndroidManifest.xml:44:9-46:39
44            android:name="androidx.compose.ui.tooling.PreviewActivity"
44-->src\main\AndroidManifest.xml:45:13-71
45            android:exported="true" />
45-->src\main\AndroidManifest.xml:46:13-36
46
47        <provider
47-->src\main\AndroidManifest.xml:48:9-61:20
48            android:name="androidx.startup.InitializationProvider"
48-->src\main\AndroidManifest.xml:49:13-67
49            android:authorities="com.eduappml.androidx-startup"
49-->src\main\AndroidManifest.xml:50:13-64
50            android:exported="false" >
50-->src\main\AndroidManifest.xml:51:13-37
51            <meta-data
51-->src\main\AndroidManifest.xml:52:13-54:52
52                android:name="androidx.emoji2.text.EmojiCompatInitializer"
52-->src\main\AndroidManifest.xml:53:17-75
53                android:value="androidx.startup" />
53-->src\main\AndroidManifest.xml:54:17-49
54            <meta-data
54-->src\main\AndroidManifest.xml:55:13-57:52
55                android:name="androidx.lifecycle.ProcessLifecycleInitializer"
55-->src\main\AndroidManifest.xml:56:17-78
56                android:value="androidx.startup" />
56-->src\main\AndroidManifest.xml:57:17-49
57            <meta-data
57-->src\main\AndroidManifest.xml:58:13-60:52
58                android:name="androidx.profileinstaller.ProfileInstallerInitializer"
58-->src\main\AndroidManifest.xml:59:17-85
59                android:value="androidx.startup" />
59-->src\main\AndroidManifest.xml:60:17-49
60        </provider>
61        <provider
61-->src\main\AndroidManifest.xml:62:9-65:40
62            android:name="ru.noties.jlatexmath.JLatexMathInitProvider"
62-->src\main\AndroidManifest.xml:63:13-71
63            android:authorities="com.eduappml.jlatexmathinitprovider"
63-->src\main\AndroidManifest.xml:64:13-70
64            android:exported="false" />
64-->src\main\AndroidManifest.xml:65:13-37
65
66        <receiver
66-->src\main\AndroidManifest.xml:67:9-85:20
67            android:name="androidx.profileinstaller.ProfileInstallReceiver"
67-->src\main\AndroidManifest.xml:68:13-76
68            android:directBootAware="false"
68-->src\main\AndroidManifest.xml:69:13-44
69            android:enabled="true"
69-->src\main\AndroidManifest.xml:70:13-35
70            android:exported="true"
70-->src\main\AndroidManifest.xml:71:13-36
71            android:permission="android.permission.DUMP" >
71-->src\main\AndroidManifest.xml:72:13-57
72            <intent-filter>
72-->src\main\AndroidManifest.xml:73:13-75:29
73                <action android:name="androidx.profileinstaller.action.INSTALL_PROFILE" />
73-->src\main\AndroidManifest.xml:74:17-91
73-->src\main\AndroidManifest.xml:74:25-88
74            </intent-filter>
75            <intent-filter>
75-->src\main\AndroidManifest.xml:76:13-78:29
76                <action android:name="androidx.profileinstaller.action.SKIP_FILE" />
76-->src\main\AndroidManifest.xml:77:17-85
76-->src\main\AndroidManifest.xml:77:25-82
77            </intent-filter>
78            <intent-filter>
78-->src\main\AndroidManifest.xml:79:13-81:29
79                <action android:name="androidx.profileinstaller.action.SAVE_PROFILE" />
79-->src\main\AndroidManifest.xml:80:17-88
79-->src\main\AndroidManifest.xml:80:25-85
80            </intent-filter>
81            <intent-filter>
81-->src\main\AndroidManifest.xml:82:13-84:29
82                <action android:name="androidx.profileinstaller.action.BENCHMARK_OPERATION" />
82-->src\main\AndroidManifest.xml:83:17-95
82-->src\main\AndroidManifest.xml:83:25-92
83            </intent-filter>
84        </receiver>
85    </application>
86
87</manifest>